0 info it worked if it ends with ok
1 verbose cli [ '/usr/local/node/bin/node',
1 verbose cli   '/usr/local/node/bin/npm',
1 verbose cli   'install',
1 verbose cli   'syn-prompt' ]
2 info using npm@1.4.14
3 info using node@v0.10.29
4 verbose cache add [ 'syn-prompt', null ]
5 verbose cache add name=undefined spec="syn-prompt" args=["syn-prompt",null]
6 verbose parsed url { protocol: null,
6 verbose parsed url   slashes: null,
6 verbose parsed url   auth: null,
6 verbose parsed url   host: null,
6 verbose parsed url   port: null,
6 verbose parsed url   hostname: null,
6 verbose parsed url   hash: null,
6 verbose parsed url   search: null,
6 verbose parsed url   query: null,
6 verbose parsed url   pathname: 'syn-prompt',
6 verbose parsed url   path: 'syn-prompt',
6 verbose parsed url   href: 'syn-prompt' }
7 silly lockFile 067e25a1-syn-prompt syn-prompt
8 verbose lock syn-prompt /home/nss/.npm/067e25a1-syn-prompt.lock
9 silly lockFile 067e25a1-syn-prompt syn-prompt
10 silly lockFile 067e25a1-syn-prompt syn-prompt
11 verbose addNamed [ 'syn-prompt', '' ]
12 verbose addNamed [ null, '*' ]
13 silly lockFile 6daf94cb-syn-prompt syn-prompt@
14 verbose lock syn-prompt@ /home/nss/.npm/6daf94cb-syn-prompt.lock
15 silly addNameRange { name: 'syn-prompt', range: '*', hasData: false }
16 verbose url raw syn-prompt
17 verbose url resolving [ 'https://registry.npmjs.org/', './syn-prompt' ]
18 verbose url resolved https://registry.npmjs.org/syn-prompt
19 info trying registry request attempt 1 at 09:50:24
20 http GET https://registry.npmjs.org/syn-prompt
21 http 404 https://registry.npmjs.org/syn-prompt
22 verbose headers { date: 'Thu, 10 Jul 2014 14:50:25 GMT',
22 verbose headers   server: 'CouchDB/1.5.0 (Erlang OTP/R16B03)',
22 verbose headers   'content-type': 'application/json',
22 verbose headers   'cache-control': 'max-age=0',
22 verbose headers   'content-length': '52',
22 verbose headers   'accept-ranges': 'bytes',
22 verbose headers   via: '1.1 varnish',
22 verbose headers   age: '0',
22 verbose headers   'x-served-by': 'cache-jfk1021-JFK',
22 verbose headers   'x-cache': 'MISS',
22 verbose headers   'x-cache-hits': '0',
22 verbose headers   'x-timer': 'S1405003825.147797,VS0,VE16',
22 verbose headers   'keep-alive': 'timeout=10, max=50',
22 verbose headers   connection: 'Keep-Alive' }
23 silly registry.get cb [ 404,
23 silly registry.get   { date: 'Thu, 10 Jul 2014 14:50:25 GMT',
23 silly registry.get     server: 'CouchDB/1.5.0 (Erlang OTP/R16B03)',
23 silly registry.get     'content-type': 'application/json',
23 silly registry.get     'cache-control': 'max-age=0',
23 silly registry.get     'content-length': '52',
23 silly registry.get     'accept-ranges': 'bytes',
23 silly registry.get     via: '1.1 varnish',
23 silly registry.get     age: '0',
23 silly registry.get     'x-served-by': 'cache-jfk1021-JFK',
23 silly registry.get     'x-cache': 'MISS',
23 silly registry.get     'x-cache-hits': '0',
23 silly registry.get     'x-timer': 'S1405003825.147797,VS0,VE16',
23 silly registry.get     'keep-alive': 'timeout=10, max=50',
23 silly registry.get     connection: 'Keep-Alive' } ]
24 silly lockFile 6daf94cb-syn-prompt syn-prompt@
25 silly lockFile 6daf94cb-syn-prompt syn-prompt@
26 error 404 404 Not Found: syn-prompt
26 error 404
26 error 404 'syn-prompt' is not in the npm registry.
26 error 404 You should bug the author to publish it
26 error 404
26 error 404 Note that you can also install from a
26 error 404 tarball, folder, or http url, or git url.
27 error System Linux 3.13.0-24-generic
28 error command "/usr/local/node/bin/node" "/usr/local/node/bin/npm" "install" "syn-prompt"
29 error cwd /home/nss/apps/code/Arrays
30 error node -v v0.10.29
31 error npm -v 1.4.14
32 error code E404
33 verbose exit [ 1, true ]
